<?xml version="1.0" encoding="utf-8"?>
<coverage line-rate="0.9620000000000001" branch-rate="0.9342" version="1.9" timestamp="1747343036" lines-covered="558" lines-valid="580" branches-covered="142" branches-valid="152">
  <sources>
    <source></source>
  </sources>
  <packages>
    <package name="RefactoringChallenge.Common" line-rate="1" branch-rate="1" complexity="9">
      <classes>
        <class name="RefactoringChallenge.Models.Customer" filename="https://raw.githubusercontent.com/mabocek/mabocek-dotnet-refactoring-challenge/be39c87e2a2052104aeaab3a983683236ae87991/RefactoringChallenge.Common/Models/Customer.cs" line-rate="1" branch-rate="1" complexity="2">
          <methods>
            <method name="GetYearsAsCustomer" signature="()" line-rate="1" branch-rate="1" complexity="1">
              <lines>
                <line number="13" hits="1" branch="False" />
                <line number="14" hits="1" branch="False" />
                <line number="15" hits="1" branch="False" />
              </lines>
            </method>
            <method name="ToString" signature="()" line-rate="1" branch-rate="1" complexity="1">
              <lines>
                <line number="19" hits="1" branch="False" />
                <line number="20" hits="1" branch="False" />
                <line number="21" hits="1" branch="False" />
              </lines>
            </method>
          </methods>
          <lines>
            <line number="13" hits="1" branch="False" />
            <line number="14" hits="1" branch="False" />
            <line number="15" hits="1" branch="False" />
            <line number="19" hits="1" branch="False" />
            <line number="20" hits="1" branch="False" />
            <line number="21" hits="1" branch="False" />
          </lines>
        </class>
        <class name="RefactoringChallenge.Models.Order" filename="https://raw.githubusercontent.com/mabocek/mabocek-dotnet-refactoring-challenge/be39c87e2a2052104aeaab3a983683236ae87991/RefactoringChallenge.Common/Models/Order.cs" line-rate="1" branch-rate="1" complexity="3">
          <methods>
            <method name="GetFinalAmount" signature="()" line-rate="1" branch-rate="1" complexity="1">
              <lines>
                <line number="16" hits="1" branch="False" />
                <line number="17" hits="1" branch="False" />
                <line number="18" hits="1" branch="False" />
              </lines>
            </method>
            <method name="IsReadyForShipping" signature="()" line-rate="1" branch-rate="1" complexity="1">
              <lines>
                <line number="22" hits="3" branch="False" />
                <line number="23" hits="3" branch="False" />
                <line number="24" hits="3" branch="False" />
              </lines>
            </method>
            <method name="ToString" signature="()" line-rate="1" branch-rate="1" complexity="1">
              <lines>
                <line number="28" hits="1" branch="False" />
                <line number="29" hits="1" branch="False" />
                <line number="30" hits="1" branch="False" />
              </lines>
            </method>
          </methods>
          <lines>
            <line number="16" hits="1" branch="False" />
            <line number="17" hits="1" branch="False" />
            <line number="18" hits="1" branch="False" />
            <line number="22" hits="3" branch="False" />
            <line number="23" hits="3" branch="False" />
            <line number="24" hits="3" branch="False" />
            <line number="28" hits="1" branch="False" />
            <line number="29" hits="1" branch="False" />
            <line number="30" hits="1" branch="False" />
          </lines>
        </class>
        <class name="RefactoringChallenge.Models.OrderItem" filename="https://raw.githubusercontent.com/mabocek/mabocek-dotnet-refactoring-challenge/be39c87e2a2052104aeaab3a983683236ae87991/RefactoringChallenge.Common/Models/OrderItem.cs" line-rate="1" branch-rate="1" complexity="2">
          <methods>
            <method name="GetSubtotal" signature="()" line-rate="1" branch-rate="1" complexity="1">
              <lines>
                <line number="14" hits="1" branch="False" />
                <line number="15" hits="1" branch="False" />
                <line number="16" hits="1" branch="False" />
              </lines>
            </method>
            <method name="ToString" signature="()" line-rate="1" branch-rate="1" complexity="1">
              <lines>
                <line number="20" hits="1" branch="False" />
                <line number="21" hits="1" branch="False" />
                <line number="22" hits="1" branch="False" />
              </lines>
            </method>
          </methods>
          <lines>
            <line number="14" hits="1" branch="False" />
            <line number="15" hits="1" branch="False" />
            <line number="16" hits="1" branch="False" />
            <line number="20" hits="1" branch="False" />
            <line number="21" hits="1" branch="False" />
            <line number="22" hits="1" branch="False" />
          </lines>
        </class>
        <class name="RefactoringChallenge.Models.Product" filename="https://raw.githubusercontent.com/mabocek/mabocek-dotnet-refactoring-challenge/be39c87e2a2052104aeaab3a983683236ae87991/RefactoringChallenge.Common/Models/Product.cs" line-rate="1" branch-rate="1" complexity="2">
          <methods>
            <method name="GetPriceWithTax" signature="(System.Decimal)" line-rate="1" branch-rate="1" complexity="1">
              <lines>
                <line number="12" hits="2" branch="False" />
                <line number="13" hits="2" branch="False" />
                <line number="14" hits="2" branch="False" />
              </lines>
            </method>
            <method name="ToString" signature="()" line-rate="1" branch-rate="1" complexity="1">
              <lines>
                <line number="18" hits="1" branch="False" />
                <line number="19" hits="1" branch="False" />
                <line number="20" hits="1" branch="False" />
              </lines>
            </method>
          </methods>
          <lines>
            <line number="12" hits="2" branch="False" />
            <line number="13" hits="2" branch="False" />
            <line number="14" hits="2" branch="False" />
            <line number="18" hits="1" branch="False" />
            <line number="19" hits="1" branch="False" />
            <line number="20" hits="1" branch="False" />
          </lines>
        </class>
      </classes>
    </package>
    <package name="RefactoringChallenge.Orchestration" line-rate="0.9841" branch-rate="0.9357" complexity="168">
      <classes>
        <class name="RefactoringChallenge.Services.OrderProcessingService" filename="https://raw.githubusercontent.com/mabocek/mabocek-dotnet-refactoring-challenge/be39c87e2a2052104aeaab3a983683236ae87991/RefactoringChallenge.Orchestration/Services/OrderProcessingService.cs" line-rate="1" branch-rate="1" complexity="10">
          <methods>
            <method name=".ctor" signature="(RefactoringChallenge.Repositories.ICustomerRepository,RefactoringChallenge.Repositories.IOrderRepository,RefactoringChallenge.Repositories.IInventoryRepository,RefactoringChallenge.Services.IDiscountService,Microsoft.Extensions.Logging.ILogger`1&lt;RefactoringChallenge.Services.OrderProcessingService&gt;)" line-rate="1" branch-rate="1" complexity="10">
              <lines>
                <line number="23" hits="14" branch="False" />
                <line number="24" hits="14" branch="True" condition-coverage="100% (2/2)">
                  <conditions>
                    <condition number="11" type="jump" coverage="100%" />
                  </conditions>
                </line>
                <line number="25" hits="13" branch="True" condition-coverage="100% (2/2)">
                  <conditions>
                    <condition number="33" type="jump" coverage="100%" />
                  </conditions>
                </line>
                <line number="26" hits="12" branch="True" condition-coverage="100% (2/2)">
                  <conditions>
                    <condition number="55" type="jump" coverage="100%" />
                  </conditions>
                </line>
                <line number="27" hits="11" branch="True" condition-coverage="100% (2/2)">
                  <conditions>
                    <condition number="78" type="jump" coverage="100%" />
                  </conditions>
                </line>
                <line number="28" hits="10" branch="True" condition-coverage="100% (2/2)">
                  <conditions>
                    <condition number="101" type="jump" coverage="100%" />
                  </conditions>
                </line>
                <line number="29" hits="9" branch="False" />
              </lines>
            </method>
          </methods>
          <lines>
            <line number="23" hits="14" branch="False" />
            <line number="24" hits="14" branch="True" condition-coverage="100% (2/2)">
              <conditions>
                <condition number="11" type="jump" coverage="100%" />
              </conditions>
            </line>
            <line number="25" hits="13" branch="True" condition-coverage="100% (2/2)">
              <conditions>
                <condition number="33" type="jump" coverage="100%" />
              </conditions>
            </line>
            <line number="26" hits="12" branch="True" condition-coverage="100% (2/2)">
              <conditions>
                <condition number="55" type="jump" coverage="100%" />
              </conditions>
            </line>
            <line number="27" hits="11" branch="True" condition-coverage="100% (2/2)">
              <conditions>
                <condition number="78" type="jump" coverage="100%" />
              </conditions>
            </line>
            <line number="28" hits="10" branch="True" condition-coverage="100% (2/2)">
              <conditions>
                <condition number="101" type="jump" coverage="100%" />
              </conditions>
            </line>
            <line number="29" hits="9" branch="False" />
          </lines>
        </class>
        <class name="RefactoringChallenge.Services.OrderProcessingService/&lt;&gt;c" filename="https://raw.githubusercontent.com/mabocek/mabocek-dotnet-refactoring-challenge/be39c87e2a2052104aeaab3a983683236ae87991/RefactoringChallenge.Orchestration/Services/OrderProcessingService.cs" line-rate="1" branch-rate="1" complexity="1">
          <methods>
            <method name="&lt;ProcessOrderAsync&gt;b__7_0" signature="(RefactoringChallenge.Models.OrderItem)" line-rate="1" branch-rate="1" complexity="1">
              <lines>
                <line number="72" hits="14" branch="False" />
              </lines>
            </method>
          </methods>
          <lines>
            <line number="72" hits="14" branch="False" />
          </lines>
        </class>
        <class name="RefactoringChallenge.Services.OrderProcessingService/&lt;CheckAndUpdateInventoryAsync&gt;d__8" filename="https://raw.githubusercontent.com/mabocek/mabocek-dotnet-refactoring-challenge/be39c87e2a2052104aeaab3a983683236ae87991/RefactoringChallenge.Orchestration/Services/OrderProcessingService.cs" line-rate="1" branch-rate="1" complexity="8">
          <methods>
            <method name="MoveNext" signature="()" line-rate="1" branch-rate="1" complexity="8">
              <lines>
                <line number="115" hits="6" branch="False" />
                <line number="117" hits="31" branch="True" condition-coverage="100% (2/2)">
                  <conditions>
                    <condition number="407" type="jump" coverage="100%" />
                  </conditions>
                </line>
                <line number="118" hits="8" branch="False" />
                <line number="119" hits="8" branch="False" />
                <line number="120" hits="8" branch="True" condition-coverage="100% (4/4)">
                  <conditions>
                    <condition number="237" type="jump" coverage="100%" />
                    <condition number="286" type="jump" coverage="100%" />
                  </conditions>
                </line>
                <line number="121" hits="3" branch="False" />
                <line number="122" hits="3" branch="False" />
                <line number="123" hits="3" branch="False" />
                <line number="124" hits="3" branch="False" />
                <line number="126" hits="5" branch="False" />
                <line number="129" hits="17" branch="True" condition-coverage="100% (2/2)">
                  <conditions>
                    <condition number="720" type="jump" coverage="100%" />
                  </conditions>
                </line>
                <line number="130" hits="4" branch="False" />
                <line number="131" hits="4" branch="False" />
                <line number="132" hits="4" branch="False" />
                <line number="133" hits="4" branch="False" />
                <line number="134" hits="4" branch="False" />
                <line number="136" hits="3" branch="False" />
                <line number="137" hits="6" branch="False" />
              </lines>
            </method>
          </methods>
          <lines>
            <line number="115" hits="6" branch="False" />
            <line number="117" hits="31" branch="True" condition-coverage="100% (2/2)">
              <conditions>
                <condition number="407" type="jump" coverage="100%" />
              </conditions>
            </line>
            <line number="118" hits="8" branch="False" />
            <line number="119" hits="8" branch="False" />
            <line number="120" hits="8" branch="True" condition-coverage="100% (4/4)">
              <conditions>
                <condition number="237" type="jump" coverage="100%" />
                <condition number="286" type="jump" coverage="100%" />
              </conditions>
            </line>
            <line number="121" hits="3" branch="False" />
            <line number="122" hits="3" branch="False" />
            <line number="123" hits="3" branch="False" />
            <line number="124" hits="3" branch="False" />
            <line number="126" hits="5" branch="False" />
            <line number="129" hits="17" branch="True" condition-coverage="100% (2/2)">
              <conditions>
                <condition number="720" type="jump" coverage="100%" />
              </conditions>
            </line>
            <line number="130" hits="4" branch="False" />
            <line number="131" hits="4" branch="False" />
            <line number="132" hits="4" branch="False" />
            <line number="133" hits="4" branch="False" />
            <line number="134" hits="4" branch="False" />
            <line number="136" hits="3" branch="False" />
            <line number="137" hits="6" branch="False" />
          </lines>
        </class>
        <class name="RefactoringChallenge.Services.OrderProcessingService/&lt;ProcessCustomerOrdersAsync&gt;d__6" filename="https://raw.githubusercontent.com/mabocek/mabocek-dotnet-refactoring-challenge/be39c87e2a2052104aeaab3a983683236ae87991/RefactoringChallenge.Orchestration/Services/OrderProcessingService.cs" line-rate="1" branch-rate="1" complexity="6">
          <methods>
            <method name="MoveNext" signature="()" line-rate="1" branch-rate="1" complexity="6">
              <lines>
                <line number="32" hits="9" branch="False" />
                <line number="33" hits="9" branch="False" />
                <line number="35" hits="9" branch="True" condition-coverage="100% (2/2)">
                  <conditions>
                    <condition number="99" type="jump" coverage="100%" />
                  </conditions>
                </line>
                <line number="36" hits="2" branch="False" />
                <line number="37" hits="2" branch="False" />
                <line number="38" hits="2" branch="False" />
                <line number="42" hits="7" branch="False" />
                <line number="43" hits="7" branch="True" condition-coverage="100% (2/2)">
                  <conditions>
                    <condition number="310" type="jump" coverage="100%" />
                  </conditions>
                </line>
                <line number="44" hits="1" branch="False" />
                <line number="45" hits="1" branch="False" />
                <line number="46" hits="1" branch="False" />
                <line number="49" hits="6" branch="False" />
                <line number="52" hits="6" branch="False" />
                <line number="53" hits="6" branch="False" />
                <line number="55" hits="6" branch="False" />
                <line number="57" hits="30" branch="True" condition-coverage="100% (2/2)">
                  <conditions>
                    <condition number="859" type="jump" coverage="100%" />
                  </conditions>
                </line>
                <line number="58" hits="6" branch="False" />
                <line number="59" hits="6" branch="False" />
                <line number="60" hits="6" branch="False" />
                <line number="61" hits="6" branch="False" />
                <line number="63" hits="6" branch="False" />
                <line number="64" hits="6" branch="False" />
                <line number="65" hits="6" branch="False" />
              </lines>
            </method>
          </methods>
          <lines>
            <line number="32" hits="9" branch="False" />
            <line number="33" hits="9" branch="False" />
            <line number="35" hits="9" branch="True" condition-coverage="100% (2/2)">
              <conditions>
                <condition number="99" type="jump" coverage="100%" />
              </conditions>
            </line>
            <line number="36" hits="2" branch="False" />
            <line number="37" hits="2" branch="False" />
            <line number="38" hits="2" branch="False" />
            <line number="42" hits="7" branch="False" />
            <line number="43" hits="7" branch="True" condition-coverage="100% (2/2)">
              <conditions>
                <condition number="310" type="jump" coverage="100%" />
              </conditions>
            </line>
            <line number="44" hits="1" branch="False" />
            <line number="45" hits="1" branch="False" />
            <line number="46" hits="1" branch="False" />
            <line number="49" hits="6" branch="False" />
            <line number="52" hits="6" branch="False" />
            <line number="53" hits="6" branch="False" />
            <line number="55" hits="6" branch="False" />
            <line number="57" hits="30" branch="True" condition-coverage="100% (2/2)">
              <conditions>
                <condition number="859" type="jump" coverage="100%" />
              </conditions>
            </line>
            <line number="58" hits="6" branch="False" />
            <line number="59" hits="6" branch="False" />
            <line number="60" hits="6" branch="False" />
            <line number="61" hits="6" branch="False" />
            <line number="63" hits="6" branch="False" />
            <line number="64" hits="6" branch="False" />
            <line number="65" hits="6" branch="False" />
          </lines>
        </class>
        <class name="RefactoringChallenge.Services.OrderProcessingService/&lt;ProcessOrderAsync&gt;d__7" filename="https://raw.githubusercontent.com/mabocek/mabocek-dotnet-refactoring-challenge/be39c87e2a2052104aeaab3a983683236ae87991/RefactoringChallenge.Orchestration/Services/OrderProcessingService.cs" line-rate="1" branch-rate="1" complexity="2">
          <methods>
            <method name="MoveNext" signature="()" line-rate="1" branch-rate="1" complexity="2">
              <lines>
                <line number="68" hits="6" branch="False" />
                <line number="69" hits="6" branch="False" />
                <line number="73" hits="6" branch="False" />
                <line number="76" hits="6" branch="False" />
                <line number="77" hits="6" branch="False" />
                <line number="78" hits="6" branch="False" />
                <line number="81" hits="6" branch="False" />
                <line number="82" hits="6" branch="False" />
                <line number="83" hits="6" branch="False" />
                <line number="84" hits="6" branch="False" />
                <line number="86" hits="6" branch="False" />
                <line number="87" hits="6" branch="False" />
                <line number="89" hits="6" branch="False" />
                <line number="90" hits="6" branch="False" />
                <line number="93" hits="6" branch="False" />
                <line number="95" hits="6" branch="True" condition-coverage="100% (2/2)">
                  <conditions>
                    <condition number="772" type="jump" coverage="100%" />
                  </conditions>
                </line>
                <line number="96" hits="3" branch="False" />
                <line number="97" hits="3" branch="False" />
                <line number="98" hits="3" branch="False" />
                <line number="100" hits="3" branch="False" />
                <line number="101" hits="3" branch="False" />
                <line number="102" hits="3" branch="False" />
                <line number="103" hits="3" branch="False" />
                <line number="105" hits="3" branch="False" />
                <line number="106" hits="3" branch="False" />
                <line number="107" hits="3" branch="False" />
                <line number="109" hits="3" branch="False" />
                <line number="110" hits="3" branch="False" />
                <line number="111" hits="3" branch="False" />
                <line number="112" hits="6" branch="False" />
              </lines>
            </method>
          </methods>
          <lines>
            <line number="68" hits="6" branch="False" />
            <line number="69" hits="6" branch="False" />
            <line number="73" hits="6" branch="False" />
            <line number="76" hits="6" branch="False" />
            <line number="77" hits="6" branch="False" />
            <line number="78" hits="6" branch="False" />
            <line number="81" hits="6" branch="False" />
            <line number="82" hits="6" branch="False" />
            <line number="83" hits="6" branch="False" />
            <line number="84" hits="6" branch="False" />
            <line number="86" hits="6" branch="False" />
            <line number="87" hits="6" branch="False" />
            <line number="89" hits="6" branch="False" />
            <line number="90" hits="6" branch="False" />
            <line number="93" hits="6" branch="False" />
            <line number="95" hits="6" branch="True" condition-coverage="100% (2/2)">
              <conditions>
                <condition number="772" type="jump" coverage="100%" />
              </conditions>
            </line>
            <line number="96" hits="3" branch="False" />
            <line number="97" hits="3" branch="False" />
            <line number="98" hits="3" branch="False" />
            <line number="100" hits="3" branch="False" />
            <line number="101" hits="3" branch="False" />
            <line number="102" hits="3" branch="False" />
            <line number="103" hits="3" branch="False" />
            <line number="105" hits="3" branch="False" />
            <line number="106" hits="3" branch="False" />
            <line number="107" hits="3" branch="False" />
            <line number="109" hits="3" branch="False" />
            <line number="110" hits="3" branch="False" />
            <line number="111" hits="3" branch="False" />
            <line number="112" hits="6" branch="False" />
          </lines>
        </class>
        <class name="RefactoringChallenge.Orchestration.Services.DiscountService" filename="https://raw.githubusercontent.com/mabocek/mabocek-dotnet-refactoring-challenge/be39c87e2a2052104aeaab3a983683236ae87991/RefactoringChallenge.Orchestration/Services/DiscountService.cs" line-rate="1" branch-rate="1" complexity="20">
          <methods>
            <method name="CalculateDiscountPercentage" signature="(RefactoringChallenge.Models.Customer,System.Decimal)" line-rate="1" branch-rate="1" complexity="6">
              <lines>
                <line number="17" hits="12" branch="False" />
                <line number="18" hits="12" branch="True" condition-coverage="100% (2/2)">
                  <conditions>
                    <condition number="7" type="jump" coverage="100%" />
                  </conditions>
                </line>
                <line number="19" hits="1" branch="False" />
                <line number="20" hits="1" branch="False" />
                <line number="23" hits="11" branch="True" condition-coverage="100% (2/2)">
                  <conditions>
                    <condition number="34" type="jump" coverage="100%" />
                  </conditions>
                </line>
                <line number="24" hits="1" branch="False" />
                <line number="25" hits="1" branch="False" />
                <line number="30" hits="10" branch="False" />
                <line number="31" hits="10" branch="False" />
                <line number="32" hits="10" branch="False" />
                <line number="33" hits="10" branch="False" />
                <line number="35" hits="10" branch="True" condition-coverage="100% (2/2)">
                  <conditions>
                    <condition number="97" type="jump" coverage="100%" />
                  </conditions>
                </line>
                <line number="36" hits="2" branch="False" />
                <line number="37" hits="2" branch="False" />
                <line number="38" hits="2" branch="False" />
                <line number="39" hits="2" branch="False" />
                <line number="40" hits="2" branch="False" />
                <line number="42" hits="2" branch="False" />
                <line number="43" hits="2" branch="False" />
                <line number="45" hits="10" branch="False" />
                <line number="46" hits="10" branch="False" />
                <line number="47" hits="10" branch="False" />
                <line number="48" hits="10" branch="False" />
                <line number="50" hits="10" branch="False" />
                <line number="51" hits="10" branch="False" />
              </lines>
            </method>
            <method name="GetVipDiscount" signature="(RefactoringChallenge.Models.Customer)" line-rate="1" branch-rate="1" complexity="2">
              <lines>
                <line number="56" hits="10" branch="True" condition-coverage="100% (2/2)">
                  <conditions>
                    <condition number="6" type="jump" coverage="100%" />
                  </conditions>
                </line>
              </lines>
            </method>
            <method name="GetLoyaltyDiscount" signature="(RefactoringChallenge.Models.Customer)" line-rate="1" branch-rate="1" complexity="4">
              <lines>
                <line number="59" hits="10" branch="False" />
                <line number="61" hits="10" branch="False" />
                <line number="62" hits="10" branch="False" />
                <line number="64" hits="10" branch="True" condition-coverage="100% (4/4)">
                  <conditions>
                    <condition number="66" type="jump" coverage="100%" />
                    <condition number="78" type="jump" coverage="100%" />
                  </conditions>
                </line>
                <line number="65" hits="10" branch="False" />
                <line number="66" hits="3" branch="False" />
                <line number="67" hits="2" branch="False" />
                <line number="68" hits="5" branch="False" />
                <line number="69" hits="10" branch="False" />
                <line number="70" hits="10" branch="False" />
              </lines>
            </method>
            <method name="GetOrderValueDiscount" signature="(System.Decimal)" line-rate="1" branch-rate="1" complexity="6">
              <lines>
                <line number="72" hits="10" branch="True" condition-coverage="100% (6/6)">
                  <conditions>
                    <condition number="20" type="jump" coverage="100%" />
                    <condition number="38" type="jump" coverage="100%" />
                    <condition number="58" type="jump" coverage="100%" />
                  </conditions>
                </line>
                <line number="73" hits="10" branch="False" />
                <line number="74" hits="3" branch="False" />
                <line number="75" hits="2" branch="False" />
                <line number="76" hits="1" branch="False" />
                <line number="77" hits="4" branch="False" />
                <line number="78" hits="10" branch="False" />
              </lines>
            </method>
            <method name=".ctor" signature="(Microsoft.Extensions.Logging.ILogger`1&lt;RefactoringChallenge.Orchestration.Services.DiscountService&gt;)" line-rate="1" branch-rate="1" complexity="2">
              <lines>
                <line number="12" hits="14" branch="False" />
                <line number="13" hits="14" branch="True" condition-coverage="100% (2/2)">
                  <conditions>
                    <condition number="11" type="jump" coverage="100%" />
                  </conditions>
                </line>
                <line number="14" hits="13" branch="False" />
              </lines>
            </method>
          </methods>
          <lines>
            <line number="17" hits="12" branch="False" />
            <line number="18" hits="12" branch="True" condition-coverage="100% (2/2)">
              <conditions>
                <condition number="7" type="jump" coverage="100%" />
              </conditions>
            </line>
            <line number="19" hits="1" branch="False" />
            <line number="20" hits="1" branch="False" />
            <line number="23" hits="11" branch="True" condition-coverage="100% (2/2)">
              <conditions>
                <condition number="34" type="jump" coverage="100%" />
              </conditions>
            </line>
            <line number="24" hits="1" branch="False" />
            <line number="25" hits="1" branch="False" />
            <line number="30" hits="10" branch="False" />
            <line number="31" hits="10" branch="False" />
            <line number="32" hits="10" branch="False" />
            <line number="33" hits="10" branch="False" />
            <line number="35" hits="10" branch="True" condition-coverage="100% (2/2)">
              <conditions>
                <condition number="97" type="jump" coverage="100%" />
              </conditions>
            </line>
            <line number="36" hits="2" branch="False" />
            <line number="37" hits="2" branch="False" />
            <line number="38" hits="2" branch="False" />
            <line number="39" hits="2" branch="False" />
            <line number="40" hits="2" branch="False" />
            <line number="42" hits="2" branch="False" />
            <line number="43" hits="2" branch="False" />
            <line number="45" hits="10" branch="False" />
            <line number="46" hits="10" branch="False" />
            <line number="47" hits="10" branch="False" />
            <line number="48" hits="10" branch="False" />
            <line number="50" hits="10" branch="False" />
            <line number="51" hits="10" branch="False" />
            <line number="56" hits="10" branch="True" condition-coverage="100% (2/2)">
              <conditions>
                <condition number="6" type="jump" coverage="100%" />
              </conditions>
            </line>
            <line number="59" hits="10" branch="False" />
            <line number="61" hits="10" branch="False" />
            <line number="62" hits="10" branch="False" />
            <line number="64" hits="10" branch="True" condition-coverage="100% (4/4)">
              <conditions>
                <condition number="66" type="jump" coverage="100%" />
                <condition number="78" type="jump" coverage="100%" />
              </conditions>
            </line>
            <line number="65" hits="10" branch="False" />
            <line number="66" hits="3" branch="False" />
            <line number="67" hits="2" branch="False" />
            <line number="68" hits="5" branch="False" />
            <line number="69" hits="10" branch="False" />
            <line number="70" hits="10" branch="False" />
            <line number="72" hits="10" branch="True" condition-coverage="100% (6/6)">
              <conditions>
                <condition number="20" type="jump" coverage="100%" />
                <condition number="38" type="jump" coverage="100%" />
                <condition number="58" type="jump" coverage="100%" />
              </conditions>
            </line>
            <line number="73" hits="10" branch="False" />
            <line number="74" hits="3" branch="False" />
            <line number="75" hits="2" branch="False" />
            <line number="76" hits="1" branch="False" />
            <line number="77" hits="4" branch="False" />
            <line number="78" hits="10" branch="False" />
            <line number="12" hits="14" branch="False" />
            <line number="13" hits="14" branch="True" condition-coverage="100% (2/2)">
              <conditions>
                <condition number="11" type="jump" coverage="100%" />
              </conditions>
            </line>
            <line number="14" hits="13" branch="False" />
          </lines>
        </class>
        <class name="RefactoringChallenge.Orchestration.Resources.LocalizationHelper" filename="https://raw.githubusercontent.com/mabocek/mabocek-dotnet-refactoring-challenge/be39c87e2a2052104aeaab3a983683236ae87991/RefactoringChallenge.Orchestration/Resources/LocalizationHelper.cs" line-rate="1" branch-rate="1" complexity="5">
          <methods>
            <method name="Initialize" signature="(System.String)" line-rate="1" branch-rate="1" complexity="4">
              <lines>
                <line number="17" hits="4" branch="False" />
                <line number="18" hits="4" branch="True" condition-coverage="100% (2/2)">
                  <conditions>
                    <condition number="8" type="jump" coverage="100%" />
                  </conditions>
                </line>
                <line number="19" hits="1" branch="False" />
                <line number="20" hits="1" branch="False" />
                <line number="23" hits="3" branch="True" condition-coverage="100% (2/2)">
                  <conditions>
                    <condition number="24" type="jump" coverage="100%" />
                  </conditions>
                </line>
                <line number="24" hits="2" branch="False" />
                <line number="25" hits="2" branch="False" />
                <line number="26" hits="2" branch="False" />
                <line number="27" hits="2" branch="False" />
                <line number="28" hits="2" branch="False" />
                <line number="30" hits="3" branch="False" />
                <line number="31" hits="4" branch="False" />
              </lines>
            </method>
            <method name="SetCulture" signature="(System.String)" line-rate="1" branch-rate="1" complexity="1">
              <lines>
                <line number="38" hits="4" branch="False" />
                <line number="39" hits="4" branch="False" />
                <line number="40" hits="3" branch="False" />
                <line number="41" hits="3" branch="False" />
                <line number="42" hits="3" branch="False" />
              </lines>
            </method>
          </methods>
          <lines>
            <line number="17" hits="4" branch="False" />
            <line number="18" hits="4" branch="True" condition-coverage="100% (2/2)">
              <conditions>
                <condition number="8" type="jump" coverage="100%" />
              </conditions>
            </line>
            <line number="19" hits="1" branch="False" />
            <line number="20" hits="1" branch="False" />
            <line number="23" hits="3" branch="True" condition-coverage="100% (2/2)">
              <conditions>
                <condition number="24" type="jump" coverage="100%" />
              </conditions>
            </line>
            <line number="24" hits="2" branch="False" />
            <line number="25" hits="2" branch="False" />
            <line number="26" hits="2" branch="False" />
            <line number="27" hits="2" branch="False" />
            <line number="28" hits="2" branch="False" />
            <line number="30" hits="3" branch="False" />
            <line number="31" hits="4" branch="False" />
            <line number="38" hits="4" branch="False" />
            <line number="39" hits="4" branch="False" />
            <line number="40" hits="3" branch="False" />
            <line number="41" hits="3" branch="False" />
            <line number="42" hits="3" branch="False" />
          </lines>
        </class>
        <class name="RefactoringChallenge.Orchestration.Resources.OrderProcessingMessages" filename="https://raw.githubusercontent.com/mabocek/mabocek-dotnet-refactoring-challenge/be39c87e2a2052104aeaab3a983683236ae87991/RefactoringChallenge.Orchestration/Resources/OrderProcessingMessages.Designer.cs" line-rate="0.8856999999999999" branch-rate="1" complexity="23">
          <methods>
            <method name="get_ResourceManager" signature="()" line-rate="1" branch-rate="1" complexity="2">
              <lines>
                <line number="45" hits="76" branch="False" />
                <line number="46" hits="76" branch="True" condition-coverage="100% (2/2)">
                  <conditions>
                    <condition number="11" type="jump" coverage="100%" />
                  </conditions>
                </line>
                <line number="47" hits="1" branch="False" />
                <line number="48" hits="1" branch="False" />
                <line number="49" hits="1" branch="False" />
                <line number="50" hits="1" branch="False" />
                <line number="51" hits="76" branch="False" />
                <line number="52" hits="76" branch="False" />
              </lines>
            </method>
            <method name="get_Culture" signature="()" line-rate="0" branch-rate="1" complexity="1">
              <lines>
                <line number="63" hits="0" branch="False" />
                <line number="64" hits="0" branch="False" />
                <line number="65" hits="0" branch="False" />
              </lines>
            </method>
            <method name="set_Culture" signature="(System.Globalization.CultureInfo)" line-rate="0" branch-rate="1" complexity="1">
              <lines>
                <line number="67" hits="0" branch="False" />
                <line number="68" hits="0" branch="False" />
                <line number="69" hits="0" branch="False" />
              </lines>
            </method>
            <method name="get_CustomerIdMustBePositive" signature="()" line-rate="1" branch-rate="1" complexity="1">
              <lines>
                <line number="78" hits="2" branch="False" />
                <line number="79" hits="2" branch="False" />
                <line number="80" hits="2" branch="False" />
              </lines>
            </method>
            <method name="get_CustomerFound" signature="()" line-rate="1" branch-rate="1" complexity="1">
              <lines>
                <line number="89" hits="6" branch="False" />
                <line number="90" hits="6" branch="False" />
                <line number="91" hits="6" branch="False" />
              </lines>
            </method>
            <method name="get_CustomerNotFoundError" signature="()" line-rate="1" branch-rate="1" complexity="1">
              <lines>
                <line number="100" hits="1" branch="False" />
                <line number="101" hits="1" branch="False" />
                <line number="102" hits="1" branch="False" />
              </lines>
            </method>
            <method name="get_CustomerNotFoundException" signature="()" line-rate="1" branch-rate="1" complexity="1">
              <lines>
                <line number="111" hits="1" branch="False" />
                <line number="112" hits="1" branch="False" />
                <line number="113" hits="1" branch="False" />
              </lines>
            </method>
            <method name="get_InvalidCustomerId" signature="()" line-rate="1" branch-rate="1" complexity="1">
              <lines>
                <line number="122" hits="2" branch="False" />
                <line number="123" hits="2" branch="False" />
                <line number="124" hits="2" branch="False" />
              </lines>
            </method>
            <method name="get_InsufficientInventory" signature="()" line-rate="1" branch-rate="1" complexity="1">
              <lines>
                <line number="133" hits="3" branch="False" />
                <line number="134" hits="3" branch="False" />
                <line number="135" hits="3" branch="False" />
              </lines>
            </method>
            <method name="get_InventoryUpdated" signature="()" line-rate="1" branch-rate="1" complexity="1">
              <lines>
                <line number="144" hits="4" branch="False" />
                <line number="145" hits="4" branch="False" />
                <line number="146" hits="4" branch="False" />
              </lines>
            </method>
            <method name="get_OrderCompletedLog" signature="()" line-rate="1" branch-rate="1" complexity="1">
              <lines>
                <line number="155" hits="3" branch="False" />
                <line number="156" hits="3" branch="False" />
                <line number="157" hits="3" branch="False" />
              </lines>
            </method>
            <method name="get_OrderOnHold" signature="()" line-rate="1" branch-rate="1" complexity="1">
              <lines>
                <line number="166" hits="3" branch="False" />
                <line number="167" hits="3" branch="False" />
                <line number="168" hits="3" branch="False" />
              </lines>
            </method>
            <method name="get_OrderOnHoldLog" signature="()" line-rate="1" branch-rate="1" complexity="1">
              <lines>
                <line number="177" hits="3" branch="False" />
                <line number="178" hits="3" branch="False" />
                <line number="179" hits="3" branch="False" />
              </lines>
            </method>
            <method name="get_OrderProcessedWithDiscount" signature="()" line-rate="1" branch-rate="1" complexity="1">
              <lines>
                <line number="188" hits="6" branch="False" />
                <line number="189" hits="6" branch="False" />
                <line number="190" hits="6" branch="False" />
              </lines>
            </method>
            <method name="get_OrderRawTotal" signature="()" line-rate="1" branch-rate="1" complexity="1">
              <lines>
                <line number="199" hits="6" branch="False" />
                <line number="200" hits="6" branch="False" />
                <line number="201" hits="6" branch="False" />
              </lines>
            </method>
            <method name="get_OrderReady" signature="()" line-rate="1" branch-rate="1" complexity="1">
              <lines>
                <line number="210" hits="3" branch="False" />
                <line number="211" hits="3" branch="False" />
                <line number="212" hits="3" branch="False" />
              </lines>
            </method>
            <method name="get_OrderUpdated" signature="()" line-rate="1" branch-rate="1" complexity="1">
              <lines>
                <line number="221" hits="6" branch="False" />
                <line number="222" hits="6" branch="False" />
                <line number="223" hits="6" branch="False" />
              </lines>
            </method>
            <method name="get_OrdersProcessingCompleted" signature="()" line-rate="1" branch-rate="1" complexity="1">
              <lines>
                <line number="232" hits="6" branch="False" />
                <line number="233" hits="6" branch="False" />
                <line number="234" hits="6" branch="False" />
              </lines>
            </method>
            <method name="get_PendingOrdersFound" signature="()" line-rate="1" branch-rate="1" complexity="1">
              <lines>
                <line number="243" hits="6" branch="False" />
                <line number="244" hits="6" branch="False" />
                <line number="245" hits="6" branch="False" />
              </lines>
            </method>
            <method name="get_ProcessingOrderId" signature="()" line-rate="1" branch-rate="1" complexity="1">
              <lines>
                <line number="254" hits="6" branch="False" />
                <line number="255" hits="6" branch="False" />
                <line number="256" hits="6" branch="False" />
              </lines>
            </method>
            <method name="get_StartingProcessCustomerOrders" signature="()" line-rate="1" branch-rate="1" complexity="1">
              <lines>
                <line number="265" hits="9" branch="False" />
                <line number="266" hits="9" branch="False" />
                <line number="267" hits="9" branch="False" />
              </lines>
            </method>
            <method name=".ctor" signature="()" line-rate="0" branch-rate="1" complexity="1">
              <lines>
                <line number="35" hits="0" branch="False" />
                <line number="36" hits="0" branch="False" />
              </lines>
            </method>
          </methods>
          <lines>
            <line number="45" hits="76" branch="False" />
            <line number="46" hits="76" branch="True" condition-coverage="100% (2/2)">
              <conditions>
                <condition number="11" type="jump" coverage="100%" />
              </conditions>
            </line>
            <line number="47" hits="1" branch="False" />
            <line number="48" hits="1" branch="False" />
            <line number="49" hits="1" branch="False" />
            <line number="50" hits="1" branch="False" />
            <line number="51" hits="76" branch="False" />
            <line number="52" hits="76" branch="False" />
            <line number="63" hits="0" branch="False" />
            <line number="64" hits="0" branch="False" />
            <line number="65" hits="0" branch="False" />
            <line number="67" hits="0" branch="False" />
            <line number="68" hits="0" branch="False" />
            <line number="69" hits="0" branch="False" />
            <line number="78" hits="2" branch="False" />
            <line number="79" hits="2" branch="False" />
            <line number="80" hits="2" branch="False" />
            <line number="89" hits="6" branch="False" />
            <line number="90" hits="6" branch="False" />
            <line number="91" hits="6" branch="False" />
            <line number="100" hits="1" branch="False" />
            <line number="101" hits="1" branch="False" />
            <line number="102" hits="1" branch="False" />
            <line number="111" hits="1" branch="False" />
            <line number="112" hits="1" branch="False" />
            <line number="113" hits="1" branch="False" />
            <line number="122" hits="2" branch="False" />
            <line number="123" hits="2" branch="False" />
            <line number="124" hits="2" branch="False" />
            <line number="133" hits="3" branch="False" />
            <line number="134" hits="3" branch="False" />
            <line number="135" hits="3" branch="False" />
            <line number="144" hits="4" branch="False" />
            <line number="145" hits="4" branch="False" />
            <line number="146" hits="4" branch="False" />
            <line number="155" hits="3" branch="False" />
            <line number="156" hits="3" branch="False" />
            <line number="157" hits="3" branch="False" />
            <line number="166" hits="3" branch="False" />
            <line number="167" hits="3" branch="False" />
            <line number="168" hits="3" branch="False" />
            <line number="177" hits="3" branch="False" />
            <line number="178" hits="3" branch="False" />
            <line number="179" hits="3" branch="False" />
            <line number="188" hits="6" branch="False" />
            <line number="189" hits="6" branch="False" />
            <line number="190" hits="6" branch="False" />
            <line number="199" hits="6" branch="False" />
            <line number="200" hits="6" branch="False" />
            <line number="201" hits="6" branch="False" />
            <line number="210" hits="3" branch="False" />
            <line number="211" hits="3" branch="False" />
            <line number="212" hits="3" branch="False" />
            <line number="221" hits="6" branch="False" />
            <line number="222" hits="6" branch="False" />
            <line number="223" hits="6" branch="False" />
            <line number="232" hits="6" branch="False" />
            <line number="233" hits="6" branch="False" />
            <line number="234" hits="6" branch="False" />
            <line number="243" hits="6" branch="False" />
            <line number="244" hits="6" branch="False" />
            <line number="245" hits="6" branch="False" />
            <line number="254" hits="6" branch="False" />
            <line number="255" hits="6" branch="False" />
            <line number="256" hits="6" branch="False" />
            <line number="265" hits="9" branch="False" />
            <line number="266" hits="9" branch="False" />
            <line number="267" hits="9" branch="False" />
            <line number="35" hits="0" branch="False" />
            <line number="36" hits="0" branch="False" />
          </lines>
        </class>
        <class name="RefactoringChallenge.Orchestration.Repositories.CustomerRepository" filename="https://raw.githubusercontent.com/mabocek/mabocek-dotnet-refactoring-challenge/be39c87e2a2052104aeaab3a983683236ae87991/RefactoringChallenge.Orchestration/Repositories/CustomerRepository.cs" line-rate="1" branch-rate="1" complexity="2">
          <methods>
            <method name=".ctor" signature="(RefactoringChallenge.Factories.IDatabaseConnectionFactory)" line-rate="1" branch-rate="1" complexity="2">
              <lines>
                <line number="14" hits="4" branch="False" />
                <line number="15" hits="4" branch="True" condition-coverage="100% (2/2)">
                  <conditions>
                    <condition number="11" type="jump" coverage="100%" />
                  </conditions>
                </line>
                <line number="16" hits="3" branch="False" />
              </lines>
            </method>
          </methods>
          <lines>
            <line number="14" hits="4" branch="False" />
            <line number="15" hits="4" branch="True" condition-coverage="100% (2/2)">
              <conditions>
                <condition number="11" type="jump" coverage="100%" />
              </conditions>
            </line>
            <line number="16" hits="3" branch="False" />
          </lines>
        </class>
        <class name="RefactoringChallenge.Orchestration.Repositories.CustomerRepository/&lt;GetCustomerByIdAsync&gt;d__2" filename="https://raw.githubusercontent.com/mabocek/mabocek-dotnet-refactoring-challenge/be39c87e2a2052104aeaab3a983683236ae87991/RefactoringChallenge.Orchestration/Repositories/CustomerRepository.cs" line-rate="1" branch-rate="1" complexity="6">
          <methods>
            <method name="MoveNext" signature="()" line-rate="1" branch-rate="1" complexity="6">
              <lines>
                <line number="19" hits="2" branch="True" condition-coverage="100% (2/2)">
                  <conditions>
                    <condition number="16" type="jump" coverage="100%" />
                  </conditions>
                </line>
                <line number="20" hits="2" branch="True" condition-coverage="100% (2/2)">
                  <conditions>
                    <condition number="163" type="jump" coverage="100%" />
                  </conditions>
                </line>
                <line number="24" hits="2" branch="False" />
                <line number="25" hits="2" branch="False" />
                <line number="27" hits="2" branch="False" />
                <line number="28" hits="2" branch="False" />
                <line number="29" hits="2" branch="False" />
                <line number="30" hits="2" branch="False" />
                <line number="32" hits="2" branch="False" />
                <line number="33" hits="2" branch="True" condition-coverage="100% (2/2)">
                  <conditions>
                    <condition number="562" type="jump" coverage="100%" />
                  </conditions>
                </line>
                <line number="34" hits="1" branch="False" />
                <line number="35" hits="1" branch="False" />
                <line number="36" hits="1" branch="False" />
                <line number="37" hits="1" branch="False" />
                <line number="38" hits="1" branch="False" />
                <line number="39" hits="1" branch="False" />
                <line number="40" hits="1" branch="False" />
                <line number="41" hits="1" branch="False" />
                <line number="42" hits="1" branch="False" />
                <line number="45" hits="1" branch="False" />
                <line number="46" hits="2" branch="False" />
              </lines>
            </method>
          </methods>
          <lines>
            <line number="19" hits="2" branch="True" condition-coverage="100% (2/2)">
              <conditions>
                <condition number="16" type="jump" coverage="100%" />
              </conditions>
            </line>
            <line number="20" hits="2" branch="True" condition-coverage="100% (2/2)">
              <conditions>
                <condition number="163" type="jump" coverage="100%" />
              </conditions>
            </line>
            <line number="24" hits="2" branch="False" />
            <line number="25" hits="2" branch="False" />
            <line number="27" hits="2" branch="False" />
            <line number="28" hits="2" branch="False" />
            <line number="29" hits="2" branch="False" />
            <line number="30" hits="2" branch="False" />
            <line number="32" hits="2" branch="False" />
            <line number="33" hits="2" branch="True" condition-coverage="100% (2/2)">
              <conditions>
                <condition number="562" type="jump" coverage="100%" />
              </conditions>
            </line>
            <line number="34" hits="1" branch="False" />
            <line number="35" hits="1" branch="False" />
            <line number="36" hits="1" branch="False" />
            <line number="37" hits="1" branch="False" />
            <line number="38" hits="1" branch="False" />
            <line number="39" hits="1" branch="False" />
            <line number="40" hits="1" branch="False" />
            <line number="41" hits="1" branch="False" />
            <line number="42" hits="1" branch="False" />
            <line number="45" hits="1" branch="False" />
            <line number="46" hits="2" branch="False" />
          </lines>
        </class>
        <class name="RefactoringChallenge.Orchestration.Repositories.InventoryRepository" filename="https://raw.githubusercontent.com/mabocek/mabocek-dotnet-refactoring-challenge/be39c87e2a2052104aeaab3a983683236ae87991/RefactoringChallenge.Orchestration/Repositories/InventoryRepository.cs" line-rate="1" branch-rate="1" complexity="2">
          <methods>
            <method name=".ctor" signature="(RefactoringChallenge.Factories.IDatabaseConnectionFactory)" line-rate="1" branch-rate="1" complexity="2">
              <lines>
                <line number="13" hits="6" branch="False" />
                <line number="14" hits="6" branch="True" condition-coverage="100% (2/2)">
                  <conditions>
                    <condition number="11" type="jump" coverage="100%" />
                  </conditions>
                </line>
                <line number="15" hits="5" branch="False" />
              </lines>
            </method>
          </methods>
          <lines>
            <line number="13" hits="6" branch="False" />
            <line number="14" hits="6" branch="True" condition-coverage="100% (2/2)">
              <conditions>
                <condition number="11" type="jump" coverage="100%" />
              </conditions>
            </line>
            <line number="15" hits="5" branch="False" />
          </lines>
        </class>
        <class name="RefactoringChallenge.Orchestration.Repositories.InventoryRepository/&lt;GetStockQuantityByProductIdAsync&gt;d__2" filename="https://raw.githubusercontent.com/mabocek/mabocek-dotnet-refactoring-challenge/be39c87e2a2052104aeaab3a983683236ae87991/RefactoringChallenge.Orchestration/Repositories/InventoryRepository.cs" line-rate="1" branch-rate="1" complexity="2">
          <methods>
            <method name="MoveNext" signature="()" line-rate="1" branch-rate="1" complexity="2">
              <lines>
                <line number="18" hits="2" branch="False" />
                <line number="19" hits="2" branch="False" />
                <line number="23" hits="2" branch="False" />
                <line number="24" hits="2" branch="False" />
                <line number="26" hits="2" branch="False" />
                <line number="27" hits="2" branch="False" />
                <line number="28" hits="2" branch="False" />
                <line number="29" hits="2" branch="False" />
                <line number="31" hits="2" branch="False" />
                <line number="32" hits="2" branch="True" condition-coverage="100% (2/2)">
                  <conditions>
                    <condition number="430" type="jump" coverage="100%" />
                  </conditions>
                </line>
                <line number="33" hits="2" branch="False" />
              </lines>
            </method>
          </methods>
          <lines>
            <line number="18" hits="2" branch="False" />
            <line number="19" hits="2" branch="False" />
            <line number="23" hits="2" branch="False" />
            <line number="24" hits="2" branch="False" />
            <line number="26" hits="2" branch="False" />
            <line number="27" hits="2" branch="False" />
            <line number="28" hits="2" branch="False" />
            <line number="29" hits="2" branch="False" />
            <line number="31" hits="2" branch="False" />
            <line number="32" hits="2" branch="True" condition-coverage="100% (2/2)">
              <conditions>
                <condition number="430" type="jump" coverage="100%" />
              </conditions>
            </line>
            <line number="33" hits="2" branch="False" />
          </lines>
        </class>
        <class name="RefactoringChallenge.Orchestration.Repositories.InventoryRepository/&lt;UpdateStockQuantityAsync&gt;d__3" filename="https://raw.githubusercontent.com/mabocek/mabocek-dotnet-refactoring-challenge/be39c87e2a2052104aeaab3a983683236ae87991/RefactoringChallenge.Orchestration/Repositories/InventoryRepository.cs" line-rate="1" branch-rate="1" complexity="1">
          <methods>
            <method name="MoveNext" signature="()" line-rate="1" branch-rate="1" complexity="1">
              <lines>
                <line number="36" hits="2" branch="False" />
                <line number="37" hits="2" branch="False" />
                <line number="41" hits="2" branch="False" />
                <line number="42" hits="2" branch="False" />
                <line number="44" hits="2" branch="False" />
                <line number="45" hits="2" branch="False" />
                <line number="46" hits="2" branch="False" />
                <line number="47" hits="2" branch="False" />
                <line number="49" hits="2" branch="False" />
                <line number="50" hits="2" branch="False" />
                <line number="51" hits="2" branch="False" />
                <line number="52" hits="2" branch="False" />
                <line number="54" hits="2" branch="False" />
                <line number="55" hits="1" branch="False" />
              </lines>
            </method>
          </methods>
          <lines>
            <line number="36" hits="2" branch="False" />
            <line number="37" hits="2" branch="False" />
            <line number="41" hits="2" branch="False" />
            <line number="42" hits="2" branch="False" />
            <line number="44" hits="2" branch="False" />
            <line number="45" hits="2" branch="False" />
            <line number="46" hits="2" branch="False" />
            <line number="47" hits="2" branch="False" />
            <line number="49" hits="2" branch="False" />
            <line number="50" hits="2" branch="False" />
            <line number="51" hits="2" branch="False" />
            <line number="52" hits="2" branch="False" />
            <line number="54" hits="2" branch="False" />
            <line number="55" hits="1" branch="False" />
          </lines>
        </class>
        <class name="RefactoringChallenge.Orchestration.Repositories.OrderRepository" filename="https://raw.githubusercontent.com/mabocek/mabocek-dotnet-refactoring-challenge/be39c87e2a2052104aeaab3a983683236ae87991/RefactoringChallenge.Orchestration/Repositories/OrderRepository.cs" line-rate="1" branch-rate="1" complexity="4">
          <methods>
            <method name=".ctor" signature="(RefactoringChallenge.Factories.IDatabaseConnectionFactory,RefactoringChallenge.Repositories.IProductRepository)" line-rate="1" branch-rate="1" complexity="4">
              <lines>
                <line number="15" hits="17" branch="False" />
                <line number="16" hits="17" branch="True" condition-coverage="100% (2/2)">
                  <conditions>
                    <condition number="11" type="jump" coverage="100%" />
                  </conditions>
                </line>
                <line number="17" hits="16" branch="True" condition-coverage="100% (2/2)">
                  <conditions>
                    <condition number="33" type="jump" coverage="100%" />
                  </conditions>
                </line>
                <line number="18" hits="15" branch="False" />
              </lines>
            </method>
          </methods>
          <lines>
            <line number="15" hits="17" branch="False" />
            <line number="16" hits="17" branch="True" condition-coverage="100% (2/2)">
              <conditions>
                <condition number="11" type="jump" coverage="100%" />
              </conditions>
            </line>
            <line number="17" hits="16" branch="True" condition-coverage="100% (2/2)">
              <conditions>
                <condition number="33" type="jump" coverage="100%" />
              </conditions>
            </line>
            <line number="18" hits="15" branch="False" />
          </lines>
        </class>
        <class name="RefactoringChallenge.Orchestration.Repositories.OrderRepository/&lt;AddOrderLogAsync&gt;d__7" filename="https://raw.githubusercontent.com/mabocek/mabocek-dotnet-refactoring-challenge/be39c87e2a2052104aeaab3a983683236ae87991/RefactoringChallenge.Orchestration/Repositories/OrderRepository.cs" line-rate="1" branch-rate="1" complexity="1">
          <methods>
            <method name="MoveNext" signature="()" line-rate="1" branch-rate="1" complexity="1">
              <lines>
                <line number="169" hits="1" branch="False" />
                <line number="170" hits="1" branch="False" />
                <line number="174" hits="1" branch="False" />
                <line number="175" hits="1" branch="False" />
                <line number="177" hits="1" branch="False" />
                <line number="178" hits="1" branch="False" />
                <line number="179" hits="1" branch="False" />
                <line number="180" hits="1" branch="False" />
                <line number="182" hits="1" branch="False" />
                <line number="183" hits="1" branch="False" />
                <line number="184" hits="1" branch="False" />
                <line number="185" hits="1" branch="False" />
                <line number="187" hits="1" branch="False" />
                <line number="188" hits="1" branch="False" />
                <line number="189" hits="1" branch="False" />
                <line number="190" hits="1" branch="False" />
                <line number="192" hits="1" branch="False" />
                <line number="193" hits="1" branch="False" />
              </lines>
            </method>
          </methods>
          <lines>
            <line number="169" hits="1" branch="False" />
            <line number="170" hits="1" branch="False" />
            <line number="174" hits="1" branch="False" />
            <line number="175" hits="1" branch="False" />
            <line number="177" hits="1" branch="False" />
            <line number="178" hits="1" branch="False" />
            <line number="179" hits="1" branch="False" />
            <line number="180" hits="1" branch="False" />
            <line number="182" hits="1" branch="False" />
            <line number="183" hits="1" branch="False" />
            <line number="184" hits="1" branch="False" />
            <line number="185" hits="1" branch="False" />
            <line number="187" hits="1" branch="False" />
            <line number="188" hits="1" branch="False" />
            <line number="189" hits="1" branch="False" />
            <line number="190" hits="1" branch="False" />
            <line number="192" hits="1" branch="False" />
            <line number="193" hits="1" branch="False" />
          </lines>
        </class>
        <class name="RefactoringChallenge.Orchestration.Repositories.OrderRepository/&lt;GetOrderByIdAsync&gt;d__8" filename="https://raw.githubusercontent.com/mabocek/mabocek-dotnet-refactoring-challenge/be39c87e2a2052104aeaab3a983683236ae87991/RefactoringChallenge.Orchestration/Repositories/OrderRepository.cs" line-rate="1" branch-rate="0.8332999999999999" complexity="12">
          <methods>
            <method name="MoveNext" signature="()" line-rate="1" branch-rate="0.8332999999999999" complexity="12">
              <lines>
                <line number="196" hits="4" branch="True" condition-coverage="100% (2/2)">
                  <conditions>
                    <condition number="16" type="jump" coverage="100%" />
                  </conditions>
                </line>
                <line number="197" hits="4" branch="True" condition-coverage="100% (2/2)">
                  <conditions>
                    <condition number="163" type="jump" coverage="100%" />
                  </conditions>
                </line>
                <line number="202" hits="4" branch="True" condition-coverage="100% (2/2)">
                  <conditions>
                    <condition number="197" type="jump" coverage="100%" />
                  </conditions>
                </line>
                <line number="203" hits="4" branch="False" />
                <line number="205" hits="4" branch="False" />
                <line number="206" hits="4" branch="False" />
                <line number="207" hits="4" branch="False" />
                <line number="208" hits="4" branch="False" />
                <line number="210" hits="4" branch="False" />
                <line number="212" hits="4" branch="True" condition-coverage="100% (2/2)">
                  <conditions>
                    <condition number="578" type="jump" coverage="100%" />
                  </conditions>
                </line>
                <line number="213" hits="1" branch="False" />
                <line number="214" hits="1" branch="False" />
                <line number="217" hits="3" branch="True" condition-coverage="50% (2/4)">
                  <conditions>
                    <condition number="683" type="jump" coverage="50%" />
                    <condition number="723" type="jump" coverage="50%" />
                  </conditions>
                </line>
                <line number="218" hits="3" branch="False" />
                <line number="219" hits="3" branch="False" />
                <line number="220" hits="3" branch="False" />
                <line number="221" hits="3" branch="False" />
                <line number="222" hits="3" branch="False" />
                <line number="223" hits="3" branch="False" />
                <line number="224" hits="3" branch="False" />
                <line number="225" hits="3" branch="False" />
                <line number="226" hits="3" branch="False" />
                <line number="227" hits="3" branch="False" />
                <line number="230" hits="3" branch="False" />
                <line number="233" hits="3" branch="False" />
                <line number="235" hits="3" branch="False" />
                <line number="236" hits="4" branch="False" />
              </lines>
            </method>
          </methods>
          <lines>
            <line number="196" hits="4" branch="True" condition-coverage="100% (2/2)">
              <conditions>
                <condition number="16" type="jump" coverage="100%" />
              </conditions>
            </line>
            <line number="197" hits="4" branch="True" condition-coverage="100% (2/2)">
              <conditions>
                <condition number="163" type="jump" coverage="100%" />
              </conditions>
            </line>
            <line number="202" hits="4" branch="True" condition-coverage="100% (2/2)">
              <conditions>
                <condition number="197" type="jump" coverage="100%" />
              </conditions>
            </line>
            <line number="203" hits="4" branch="False" />
            <line number="205" hits="4" branch="False" />
            <line number="206" hits="4" branch="False" />
            <line number="207" hits="4" branch="False" />
            <line number="208" hits="4" branch="False" />
            <line number="210" hits="4" branch="False" />
            <line number="212" hits="4" branch="True" condition-coverage="100% (2/2)">
              <conditions>
                <condition number="578" type="jump" coverage="100%" />
              </conditions>
            </line>
            <line number="213" hits="1" branch="False" />
            <line number="214" hits="1" branch="False" />
            <line number="217" hits="3" branch="True" condition-coverage="50% (2/4)">
              <conditions>
                <condition number="683" type="jump" coverage="50%" />
                <condition number="723" type="jump" coverage="50%" />
              </conditions>
            </line>
            <line number="218" hits="3" branch="False" />
            <line number="219" hits="3" branch="False" />
            <line number="220" hits="3" branch="False" />
            <line number="221" hits="3" branch="False" />
            <line number="222" hits="3" branch="False" />
            <line number="223" hits="3" branch="False" />
            <line number="224" hits="3" branch="False" />
            <line number="225" hits="3" branch="False" />
            <line number="226" hits="3" branch="False" />
            <line number="227" hits="3" branch="False" />
            <line number="230" hits="3" branch="False" />
            <line number="233" hits="3" branch="False" />
            <line number="235" hits="3" branch="False" />
            <line number="236" hits="4" branch="False" />
          </lines>
        </class>
        <class name="RefactoringChallenge.Orchestration.Repositories.OrderRepository/&lt;GetOrderItemsByOrderIdAsync&gt;d__4" filename="https://raw.githubusercontent.com/mabocek/mabocek-dotnet-refactoring-challenge/be39c87e2a2052104aeaab3a983683236ae87991/RefactoringChallenge.Orchestration/Repositories/OrderRepository.cs" line-rate="1" branch-rate="1" complexity="12">
          <methods>
            <method name="MoveNext" signature="()" line-rate="1" branch-rate="1" complexity="12">
              <lines>
                <line number="64" hits="9" branch="True" condition-coverage="100% (2/2)">
                  <conditions>
                    <condition number="16" type="jump" coverage="100%" />
                  </conditions>
                </line>
                <line number="65" hits="9" branch="True" condition-coverage="100% (2/2)">
                  <conditions>
                    <condition number="163" type="jump" coverage="100%" />
                  </conditions>
                </line>
                <line number="69" hits="9" branch="True" condition-coverage="100% (2/2)">
                  <conditions>
                    <condition number="197" type="jump" coverage="100%" />
                  </conditions>
                </line>
                <line number="70" hits="9" branch="False" />
                <line number="72" hits="9" branch="False" />
                <line number="73" hits="9" branch="False" />
                <line number="74" hits="9" branch="False" />
                <line number="75" hits="9" branch="False" />
                <line number="77" hits="9" branch="False" />
                <line number="78" hits="9" branch="False" />
                <line number="80" hits="12" branch="True" condition-coverage="100% (2/2)">
                  <conditions>
                    <condition number="727" type="jump" coverage="100%" />
                  </conditions>
                </line>
                <line number="81" hits="3" branch="False" />
                <line number="82" hits="3" branch="False" />
                <line number="83" hits="3" branch="False" />
                <line number="84" hits="3" branch="False" />
                <line number="85" hits="3" branch="False" />
                <line number="86" hits="3" branch="False" />
                <line number="87" hits="3" branch="False" />
                <line number="88" hits="3" branch="False" />
                <line number="89" hits="3" branch="False" />
                <line number="91" hits="3" branch="False" />
                <line number="92" hits="3" branch="False" />
                <line number="95" hits="33" branch="True" condition-coverage="100% (2/2)">
                  <conditions>
                    <condition number="987" type="jump" coverage="100%" />
                  </conditions>
                </line>
                <line number="96" hits="3" branch="False" />
                <line number="97" hits="3" branch="False" />
                <line number="98" hits="3" branch="True" condition-coverage="100% (2/2)">
                  <conditions>
                    <condition number="939" type="jump" coverage="100%" />
                  </conditions>
                </line>
                <line number="99" hits="3" branch="False" />
                <line number="100" hits="3" branch="False" />
                <line number="101" hits="3" branch="False" />
                <line number="102" hits="3" branch="False" />
                <line number="104" hits="9" branch="False" />
                <line number="105" hits="9" branch="False" />
              </lines>
            </method>
          </methods>
          <lines>
            <line number="64" hits="9" branch="True" condition-coverage="100% (2/2)">
              <conditions>
                <condition number="16" type="jump" coverage="100%" />
              </conditions>
            </line>
            <line number="65" hits="9" branch="True" condition-coverage="100% (2/2)">
              <conditions>
                <condition number="163" type="jump" coverage="100%" />
              </conditions>
            </line>
            <line number="69" hits="9" branch="True" condition-coverage="100% (2/2)">
              <conditions>
                <condition number="197" type="jump" coverage="100%" />
              </conditions>
            </line>
            <line number="70" hits="9" branch="False" />
            <line number="72" hits="9" branch="False" />
            <line number="73" hits="9" branch="False" />
            <line number="74" hits="9" branch="False" />
            <line number="75" hits="9" branch="False" />
            <line number="77" hits="9" branch="False" />
            <line number="78" hits="9" branch="False" />
            <line number="80" hits="12" branch="True" condition-coverage="100% (2/2)">
              <conditions>
                <condition number="727" type="jump" coverage="100%" />
              </conditions>
            </line>
            <line number="81" hits="3" branch="False" />
            <line number="82" hits="3" branch="False" />
            <line number="83" hits="3" branch="False" />
            <line number="84" hits="3" branch="False" />
            <line number="85" hits="3" branch="False" />
            <line number="86" hits="3" branch="False" />
            <line number="87" hits="3" branch="False" />
            <line number="88" hits="3" branch="False" />
            <line number="89" hits="3" branch="False" />
            <line number="91" hits="3" branch="False" />
            <line number="92" hits="3" branch="False" />
            <line number="95" hits="33" branch="True" condition-coverage="100% (2/2)">
              <conditions>
                <condition number="987" type="jump" coverage="100%" />
              </conditions>
            </line>
            <line number="96" hits="3" branch="False" />
            <line number="97" hits="3" branch="False" />
            <line number="98" hits="3" branch="True" condition-coverage="100% (2/2)">
              <conditions>
                <condition number="939" type="jump" coverage="100%" />
              </conditions>
            </line>
            <line number="99" hits="3" branch="False" />
            <line number="100" hits="3" branch="False" />
            <line number="101" hits="3" branch="False" />
            <line number="102" hits="3" branch="False" />
            <line number="104" hits="9" branch="False" />
            <line number="105" hits="9" branch="False" />
          </lines>
        </class>
        <class name="RefactoringChallenge.Orchestration.Repositories.OrderRepository/&lt;GetPendingOrdersByCustomerIdAsync&gt;d__3" filename="https://raw.githubusercontent.com/mabocek/mabocek-dotnet-refactoring-challenge/be39c87e2a2052104aeaab3a983683236ae87991/RefactoringChallenge.Orchestration/Repositories/OrderRepository.cs" line-rate="1" branch-rate="0.8571" complexity="14">
          <methods>
            <method name="MoveNext" signature="()" line-rate="1" branch-rate="0.8571" complexity="14">
              <lines>
                <line number="21" hits="5" branch="True" condition-coverage="100% (2/2)">
[...]
                <condition number="72" type="jump" coverage="100%" />
              </conditions>
            </line>
            <line number="38" hits="12" branch="False" />
            <line number="39" hits="3" branch="False" />
            <line number="40" hits="3" branch="False" />
            <line number="41" hits="3" branch="False" />
            <line number="42" hits="3" branch="False" />
            <line number="43" hits="3" branch="False" />
            <line number="44" hits="9" branch="True" condition-coverage="100% (4/4)">
              <conditions>
                <condition number="101" type="jump" coverage="100%" />
                <condition number="122" type="jump" coverage="100%" />
              </conditions>
            </line>
            <line number="45" hits="9" branch="False" />
            <line number="46" hits="3" branch="False" />
            <line number="47" hits="3" branch="False" />
            <line number="48" hits="3" branch="False" />
            <line number="49" hits="3" branch="False" />
            <line number="50" hits="6" branch="False" />
            <line number="51" hits="16" branch="False" />
            <line number="53" hits="3" branch="False" />
            <line number="54" hits="5" branch="False" />
          </lines>
        </class>
        <class name="RefactoringChallenge.Orchestration.Factories.SqlConnectionFactory" filename="https://raw.githubusercontent.com/mabocek/mabocek-dotnet-refactoring-challenge/be39c87e2a2052104aeaab3a983683236ae87991/RefactoringChallenge.Orchestration/Factories/SqlConnectionFactory.cs" line-rate="1" branch-rate="0.75" complexity="9">
          <methods>
            <method name="CreateSqlConnection" signature="(System.String)" line-rate="1" branch-rate="1" complexity="1">
              <lines>
                <line number="57" hits="2" branch="False" />
                <line number="58" hits="2" branch="False" />
                <line number="59" hits="1" branch="False" />
              </lines>
            </method>
            <method name=".ctor" signature="(Microsoft.Extensions.Configuration.IConfiguration,Microsoft.Extensions.Logging.ILogger`1&lt;RefactoringChallenge.Orchestration.Factories.SqlConnectionFactory&gt;)" line-rate="1" branch-rate="0.75" complexity="8">
              <lines>
                <line number="16" hits="15" branch="False" />
                <line number="17" hits="15" branch="True" condition-coverage="100% (2/2)">
                  <conditions>
                    <condition number="14" type="jump" coverage="100%" />
                  </conditions>
                </line>
                <line number="18" hits="1" branch="False" />
                <line number="19" hits="1" branch="False" />
                <line number="22" hits="14" branch="False" />
                <line number="24" hits="14" branch="False" />
                <line number="26" hits="14" branch="True" condition-coverage="100% (2/2)">
                  <conditions>
                    <condition number="55" type="jump" coverage="100%" />
                  </conditions>
                </line>
                <line number="27" hits="2" branch="False" />
                <line number="28" hits="2" branch="True" condition-coverage="50% (1/2)">
                  <conditions>
                    <condition number="65" type="jump" coverage="50%" />
                  </conditions>
                </line>
                <line number="29" hits="2" branch="False" />
                <line number="32" hits="12" branch="False" />
                <line number="33" hits="12" branch="True" condition-coverage="50% (1/2)">
                  <conditions>
                    <condition number="116" type="jump" coverage="50%" />
                  </conditions>
                </line>
                <line number="34" hits="12" branch="False" />
                <line number="35" hits="12" branch="False" />
              </lines>
            </method>
          </methods>
          <lines>
            <line number="57" hits="2" branch="False" />
            <line number="58" hits="2" branch="False" />
            <line number="59" hits="1" branch="False" />
            <line number="16" hits="15" branch="False" />
            <line number="17" hits="15" branch="True" condition-coverage="100% (2/2)">
              <conditions>
                <condition number="14" type="jump" coverage="100%" />
              </conditions>
            </line>
            <line number="18" hits="1" branch="False" />
            <line number="19" hits="1" branch="False" />
            <line number="22" hits="14" branch="False" />
            <line number="24" hits="14" branch="False" />
            <line number="26" hits="14" branch="True" condition-coverage="100% (2/2)">
              <conditions>
                <condition number="55" type="jump" coverage="100%" />
              </conditions>
            </line>
            <line number="27" hits="2" branch="False" />
            <line number="28" hits="2" branch="True" condition-coverage="50% (1/2)">
              <conditions>
                <condition number="65" type="jump" coverage="50%" />
              </conditions>
            </line>
            <line number="29" hits="2" branch="False" />
            <line number="32" hits="12" branch="False" />
            <line number="33" hits="12" branch="True" condition-coverage="50% (1/2)">
              <conditions>
                <condition number="116" type="jump" coverage="50%" />
              </conditions>
            </line>
            <line number="34" hits="12" branch="False" />
            <line number="35" hits="12" branch="False" />
          </lines>
        </class>
        <class name="RefactoringChallenge.Orchestration.Factories.SqlConnectionFactory/&lt;CreateConnectionAsync&gt;d__3" filename="https://raw.githubusercontent.com/mabocek/mabocek-dotnet-refactoring-challenge/be39c87e2a2052104aeaab3a983683236ae87991/RefactoringChallenge.Orchestration/Factories/SqlConnectionFactory.cs" line-rate="1" branch-rate="0.5" complexity="6">
          <methods>
            <method name="MoveNext" signature="()" line-rate="1" branch-rate="0.5" complexity="6">
              <lines>
                <line number="38" hits="5" branch="False" />
                <line number="40" hits="5" branch="False" />
                <line number="41" hits="5" branch="False" />
                <line number="42" hits="4" branch="True" condition-coverage="50% (1/2)">
                  <conditions>
                    <condition number="64" type="jump" coverage="50%" />
                  </conditions>
                </line>
                <line number="43" hits="4" branch="False" />
                <line number="44" hits="3" branch="True" condition-coverage="50% (1/2)">
                  <conditions>
                    <condition number="198" type="jump" coverage="50%" />
                  </conditions>
                </line>
                <line number="45" hits="3" branch="False" />
                <line number="47" hits="2" branch="False" />
                <line number="48" hits="2" branch="False" />
                <line number="49" hits="2" branch="True" condition-coverage="50% (1/2)">
                  <conditions>
                    <condition number="251" type="jump" coverage="50%" />
                  </conditions>
                </line>
                <line number="50" hits="2" branch="False" />
                <line number="51" hits="2" branch="False" />
                <line number="53" hits="3" branch="False" />
              </lines>
            </method>
          </methods>
          <lines>
            <line number="38" hits="5" branch="False" />
            <line number="40" hits="5" branch="False" />
            <line number="41" hits="5" branch="False" />
            <line number="42" hits="4" branch="True" condition-coverage="50% (1/2)">
              <conditions>
                <condition number="64" type="jump" coverage="50%" />
              </conditions>
            </line>
            <line number="43" hits="4" branch="False" />
            <line number="44" hits="3" branch="True" condition-coverage="50% (1/2)">
              <conditions>
                <condition number="198" type="jump" coverage="50%" />
              </conditions>
            </line>
            <line number="45" hits="3" branch="False" />
            <line number="47" hits="2" branch="False" />
            <line number="48" hits="2" branch="False" />
            <line number="49" hits="2" branch="True" condition-coverage="50% (1/2)">
              <conditions>
                <condition number="251" type="jump" coverage="50%" />
              </conditions>
            </line>
            <line number="50" hits="2" branch="False" />
            <line number="51" hits="2" branch="False" />
            <line number="53" hits="3" branch="False" />
          </lines>
        </class>
      </classes>
    </package>
    <package name="RefactoringChallenge.Output" line-rate="0.7142000000000001" branch-rate="0.9166" complexity="13">
      <classes>
        <class name="Program" filename="https://raw.githubusercontent.com/mabocek/mabocek-dotnet-refactoring-challenge/be39c87e2a2052104aeaab3a983683236ae87991/RefactoringChallenge.Output/Program.cs" line-rate="0" branch-rate="1" complexity="1">
          <methods>
            <method name="&lt;Main&gt;$" signature="(System.String[])" line-rate="0" branch-rate="1" complexity="1">
              <lines>
                <line number="9" hits="0" branch="False" />
                <line number="12" hits="0" branch="False" />
                <line number="13" hits="0" branch="False" />
                <line number="16" hits="0" branch="False" />
                <line number="17" hits="0" branch="False" />
                <line number="18" hits="0" branch="False" />
                <line number="19" hits="0" branch="False" />
                <line number="20" hits="0" branch="False" />
                <line number="21" hits="0" branch="False" />
                <line number="22" hits="0" branch="False" />
                <line number="23" hits="0" branch="False" />
                <line number="26" hits="0" branch="False" />
                <line number="32" hits="0" branch="False" />
                <line number="33" hits="0" branch="False" />
              </lines>
            </method>
          </methods>
          <lines>
            <line number="9" hits="0" branch="False" />
            <line number="12" hits="0" branch="False" />
            <line number="13" hits="0" branch="False" />
            <line number="16" hits="0" branch="False" />
            <line number="17" hits="0" branch="False" />
            <line number="18" hits="0" branch="False" />
            <line number="19" hits="0" branch="False" />
            <line number="20" hits="0" branch="False" />
            <line number="21" hits="0" branch="False" />
            <line number="22" hits="0" branch="False" />
            <line number="23" hits="0" branch="False" />
            <line number="26" hits="0" branch="False" />
            <line number="32" hits="0" branch="False" />
            <line number="33" hits="0" branch="False" />
          </lines>
        </class>
        <class name="RefactoringChallenge.Output.New_CustomerOrderProcessor" filename="https://raw.githubusercontent.com/mabocek/mabocek-dotnet-refactoring-challenge/be39c87e2a2052104aeaab3a983683236ae87991/RefactoringChallenge.Output/New_CustomerOrderProcessor.cs" line-rate="1" branch-rate="0.8332999999999999" complexity="6">
          <methods>
            <method name="ProcessCustomerOrders" signature="(System.Int32)" line-rate="1" branch-rate="1" complexity="2">
              <lines>
                <line number="33" hits="3" branch="False" />
                <line number="35" hits="3" branch="True" condition-coverage="100% (2/2)">
                  <conditions>
                    <condition number="10" type="jump" coverage="100%" />
                  </conditions>
                </line>
                <line number="36" hits="1" branch="False" />
                <line number="40" hits="2" branch="False" />
                <line number="41" hits="2" branch="False" />
              </lines>
            </method>
            <method name="ProcessCustomerOrdersAsync" signature="(System.Int32)" line-rate="1" branch-rate="1" complexity="2">
              <lines>
                <line number="49" hits="3" branch="False" />
                <line number="51" hits="3" branch="True" condition-coverage="100% (2/2)">
                  <conditions>
                    <condition number="10" type="jump" coverage="100%" />
                  </conditions>
                </line>
                <line number="52" hits="1" branch="False" />
                <line number="55" hits="2" branch="False" />
                <line number="56" hits="2" branch="False" />
              </lines>
            </method>
            <method name=".ctor" signature="(RefactoringChallenge.Services.IOrderProcessingService)" line-rate="1" branch-rate="0.5" complexity="2">
              <lines>
                <line number="23" hits="6" branch="False" />
                <line number="24" hits="6" branch="True" condition-coverage="50% (1/2)">
                  <conditions>
                    <condition number="11" type="jump" coverage="50%" />
                  </conditions>
                </line>
                <line number="25" hits="6" branch="False" />
              </lines>
            </method>
          </methods>
          <lines>
            <line number="33" hits="3" branch="False" />
            <line number="35" hits="3" branch="True" condition-coverage="100% (2/2)">
              <conditions>
                <condition number="10" type="jump" coverage="100%" />
              </conditions>
            </line>
            <line number="36" hits="1" branch="False" />
            <line number="40" hits="2" branch="False" />
            <line number="41" hits="2" branch="False" />
            <line number="49" hits="3" branch="False" />
            <line number="51" hits="3" branch="True" condition-coverage="100% (2/2)">
              <conditions>
                <condition number="10" type="jump" coverage="100%" />
              </conditions>
            </line>
            <line number="52" hits="1" branch="False" />
            <line number="55" hits="2" branch="False" />
            <line number="56" hits="2" branch="False" />
            <line number="23" hits="6" branch="False" />
            <line number="24" hits="6" branch="True" condition-coverage="50% (1/2)">
              <conditions>
                <condition number="11" type="jump" coverage="50%" />
              </conditions>
            </line>
            <line number="25" hits="6" branch="False" />
          </lines>
        </class>
        <class name="RefactoringChallenge.Output.Worker" filename="https://raw.githubusercontent.com/mabocek/mabocek-dotnet-refactoring-challenge/be39c87e2a2052104aeaab3a983683236ae87991/RefactoringChallenge.Output/Worker.cs" line-rate="1" branch-rate="1" complexity="4">
          <methods>
            <method name=".ctor" signature="(Microsoft.Extensions.Logging.ILogger`1&lt;RefactoringChallenge.Output.Worker&gt;,RefactoringChallenge.Services.IOrderProcessingService)" line-rate="1" branch-rate="1" complexity="4">
              <lines>
                <line number="14" hits="6" branch="False" />
                <line number="15" hits="6" branch="False" />
                <line number="16" hits="6" branch="True" condition-coverage="100% (2/2)">
                  <conditions>
                    <condition number="11" type="jump" coverage="100%" />
                  </conditions>
                </line>
                <line number="17" hits="5" branch="True" condition-coverage="100% (2/2)">
                  <conditions>
                    <condition number="33" type="jump" coverage="100%" />
                  </conditions>
                </line>
                <line number="18" hits="4" branch="False" />
              </lines>
            </method>
          </methods>
          <lines>
            <line number="14" hits="6" branch="False" />
            <line number="15" hits="6" branch="False" />
            <line number="16" hits="6" branch="True" condition-coverage="100% (2/2)">
              <conditions>
                <condition number="11" type="jump" coverage="100%" />
              </conditions>
            </line>
            <line number="17" hits="5" branch="True" condition-coverage="100% (2/2)">
              <conditions>
                <condition number="33" type="jump" coverage="100%" />
              </conditions>
            </line>
            <line number="18" hits="4" branch="False" />
          </lines>
        </class>
        <class name="RefactoringChallenge.Output.Worker/&lt;ExecuteAsync&gt;d__3" filename="https://raw.githubusercontent.com/mabocek/mabocek-dotnet-refactoring-challenge/be39c87e2a2052104aeaab3a983683236ae87991/RefactoringChallenge.Output/Worker.cs" line-rate="1" branch-rate="1" complexity="2">
          <methods>
            <method name="MoveNext" signature="()" line-rate="1" branch-rate="1" complexity="2">
              <lines>
                <line number="21" hits="2" branch="False" />
                <line number="22" hits="2" branch="False" />
                <line number="25" hits="2" branch="False" />
                <line number="27" hits="2" branch="False" />
                <line number="29" hits="1" branch="False" />
                <line number="31" hits="7" branch="True" condition-coverage="100% (2/2)">
                  <conditions>
                    <condition number="399" type="jump" coverage="100%" />
                  </conditions>
                </line>
                <line number="32" hits="2" branch="False" />
                <line number="33" hits="2" branch="False" />
                <line number="34" hits="2" branch="False" />
                <line number="35" hits="2" branch="False" />
                <line number="36" hits="1" branch="False" />
                <line number="37" hits="1" branch="False" />
                <line number="38" hits="1" branch="False" />
                <line number="39" hits="1" branch="False" />
                <line number="40" hits="1" branch="False" />
                <line number="43" hits="2" branch="False" />
                <line number="44" hits="2" branch="False" />
              </lines>
            </method>
          </methods>
          <lines>
            <line number="21" hits="2" branch="False" />
            <line number="22" hits="2" branch="False" />
            <line number="25" hits="2" branch="False" />
            <line number="27" hits="2" branch="False" />
            <line number="29" hits="1" branch="False" />
            <line number="31" hits="7" branch="True" condition-coverage="100% (2/2)">
              <conditions>
                <condition number="399" type="jump" coverage="100%" />
              </conditions>
            </line>
            <line number="32" hits="2" branch="False" />
            <line number="33" hits="2" branch="False" />
            <line number="34" hits="2" branch="False" />
            <line number="35" hits="2" branch="False" />
            <line number="36" hits="1" branch="False" />
            <line number="37" hits="1" branch="False" />
            <line number="38" hits="1" branch="False" />
            <line number="39" hits="1" branch="False" />
            <line number="40" hits="1" branch="False" />
            <line number="43" hits="2" branch="False" />
            <line number="44" hits="2" branch="False" />
          </lines>
        </class>
      </classes>
    </package>
  </packages>
</coverage>